<?xml version="1.0" encoding="UTF-8"?>
<!-- Generated by org.testng.reporters.JUnitReportReporter -->
<testsuite skipped="0" hostname="DESKTOP-A8V00V9" name="com.training.sanity.tests.LoginTests" tests="1" failures="0" timestamp="21 Jan 2019 11:38:49 GMT" time="215.875" errors="0">
  <testcase name="validLoginTest" time="215.875" classname="com.training.sanity.tests.LoginTests"/>
</testsuite> <!-- com.training.sanity.tests.LoginTests -->
