<?xml version="1.0" encoding="UTF-8"?>
<!-- Generated by org.testng.reporters.JUnitReportReporter -->
<testsuite skipped="0" hostname="DESKTOP-A8V00V9" name="com.training.functional.tests.TC58_AdminReplyToCommentAddedByUser" tests="5" failures="0" timestamp="12 Feb 2019 08:54:09 GMT" time="76.634" errors="0">
  <testcase name="setUp" time="36.076" classname="com.training.functional.tests.TC58_AdminReplyToCommentAddedByUser"/>
  <testcase name="validLoginTest" time="3.858" classname="com.training.functional.tests.TC58_AdminReplyToCommentAddedByUser"/>
  <testcase name="AddCommentOnPost" time="15.540" classname="com.training.functional.tests.TC58_AdminReplyToCommentAddedByUser"/>
  <testcase name="OpenNewWindowAndLogin" time="13.120" classname="com.training.functional.tests.TC58_AdminReplyToCommentAddedByUser"/>
  <testcase name="ReplyToComment" time="8.040" classname="com.training.functional.tests.TC58_AdminReplyToCommentAddedByUser"/>
</testsuite> <!-- com.training.functional.tests.TC58_AdminReplyToCommentAddedByUser -->
