<?xml version="1.0" encoding="UTF-8"?>
<!-- Generated by org.testng.reporters.JUnitReportReporter -->
<testsuite skipped="0" hostname="DESKTOP-A8V00V9" name="com.training.functional.tests.AddNewRegion" tests="3" failures="0" timestamp="25 Jan 2019 11:35:05 GMT" time="181.093" errors="0">
  <testcase name="setUp" time="151.205" classname="com.training.functional.tests.AddNewRegion"/>
  <testcase name="validLoginTest" time="12.745" classname="com.training.functional.tests.AddNewRegion"/>
  <testcase name="addNewRegion" time="17.143" classname="com.training.functional.tests.AddNewRegion"/>
</testsuite> <!-- com.training.functional.tests.AddNewRegion -->
