<?xml version="1.0" encoding="UTF-8"?>
<!-- Generated by org.testng.reporters.JUnitReportReporter -->
<testsuite skipped="0" hostname="DESKTOP-A8V00V9" name="com.training.functional.tests.TC56_AddNewPost" tests="3" failures="0" timestamp="05 Feb 2019 04:57:21 GMT" time="61.026" errors="0">
  <testcase name="setUp" time="28.646" classname="com.training.functional.tests.TC56_AddNewPost"/>
  <testcase name="validLoginTest" time="7.359" classname="com.training.functional.tests.TC56_AddNewPost"/>
  <testcase name="addNewPost" time="25.021" classname="com.training.functional.tests.TC56_AddNewPost"/>
</testsuite> <!-- com.training.functional.tests.TC56_AddNewPost -->
