<?xml version="1.0" encoding="UTF-8"?>
<!-- Generated by org.testng.reporters.JUnitReportReporter -->
<testsuite skipped="0" hostname="DESKTOP-A8V00V9" name="com.training.functional.tests.TC58_AdminReplyToCommentAddedByUser" tests="5" failures="0" timestamp="05 Feb 2019 05:01:05 GMT" time="69.350" errors="0">
  <testcase name="setUp" time="28.075" classname="com.training.functional.tests.TC58_AdminReplyToCommentAddedByUser"/>
  <testcase name="validLoginTest" time="4.282" classname="com.training.functional.tests.TC58_AdminReplyToCommentAddedByUser"/>
  <testcase name="AddCommentOnPost" time="15.769" classname="com.training.functional.tests.TC58_AdminReplyToCommentAddedByUser"/>
  <testcase name="OpenNewWindowAndLogin" time="10.842" classname="com.training.functional.tests.TC58_AdminReplyToCommentAddedByUser"/>
  <testcase name="ReplyToComment" time="10.382" classname="com.training.functional.tests.TC58_AdminReplyToCommentAddedByUser"/>
</testsuite> <!-- com.training.functional.tests.TC58_AdminReplyToCommentAddedByUser -->
