<?xml version="1.0" encoding="UTF-8"?>
<!-- Generated by org.testng.reporters.JUnitReportReporter -->
<testsuite skipped="0" hostname="DESKTOP-A8V00V9" name="com.training.functional.tests.TC90_AddNewPropertyWithAllDetails_DataProvider" tests="5" failures="0" timestamp="13 Feb 2019 12:14:54 GMT" time="101.900" errors="0">
  <testcase name="setUp" time="30.235" classname="com.training.functional.tests.TC90_AddNewPropertyWithAllDetails_DataProvider"/>
  <testcase name="validLoginTest" time="11.765" classname="com.training.functional.tests.TC90_AddNewPropertyWithAllDetails_DataProvider"/>
  <testcase name="AddNewPropertyWithAllDetails" time="14.601" classname="com.training.functional.tests.TC90_AddNewPropertyWithAllDetails_DataProvider"/>
  <testcase name="AddNewPropertyWithAllDetails" time="28.025" classname="com.training.functional.tests.TC90_AddNewPropertyWithAllDetails_DataProvider"/>
  <testcase name="AddNewPropertyWithAllDetails" time="17.274" classname="com.training.functional.tests.TC90_AddNewPropertyWithAllDetails_DataProvider"/>
</testsuite> <!-- com.training.functional.tests.TC90_AddNewPropertyWithAllDetails_DataProvider -->
