<?xml version="1.0" encoding="UTF-8"?>
<!-- Generated by org.testng.reporters.JUnitReportReporter -->
<testsuite skipped="0" hostname="DESKTOP-A8V00V9" name="com.training.functional.tests.DeleteFeature" tests="3" failures="0" timestamp="05 Feb 2019 04:52:08 GMT" time="53.125" errors="0">
  <testcase name="setUp" time="30.321" classname="com.training.functional.tests.DeleteFeature"/>
  <testcase name="validLoginTest" time="8.384" classname="com.training.functional.tests.DeleteFeature"/>
  <testcase name="deleteFeature" time="14.420" classname="com.training.functional.tests.DeleteFeature"/>
</testsuite> <!-- com.training.functional.tests.DeleteFeature -->
