<?xml version="1.0" encoding="UTF-8"?>
<!-- Generated by org.testng.reporters.JUnitReportReporter -->
<testsuite skipped="0" hostname="DESKTOP-A8V00V9" name="com.training.functional.tests.TC86_AddNewRegionandCheckInDB" tests="4" failures="0" timestamp="13 Feb 2019 11:57:43 GMT" time="45.965" errors="0">
  <testcase name="setUp" time="26.719" classname="com.training.functional.tests.TC86_AddNewRegionandCheckInDB"/>
  <testcase name="validLoginTest" time="9.154" classname="com.training.functional.tests.TC86_AddNewRegionandCheckInDB"/>
  <testcase name="addNewRegion" time="10.091" classname="com.training.functional.tests.TC86_AddNewRegionandCheckInDB"/>
  <testcase name="checkRegionInDB" time="0.001" classname="com.training.functional.tests.TC86_AddNewRegionandCheckInDB"/>
</testsuite> <!-- com.training.functional.tests.TC86_AddNewRegionandCheckInDB -->
