<?xml version="1.0" encoding="UTF-8"?>
<!-- Generated by org.testng.reporters.JUnitReportReporter -->
<testsuite skipped="0" hostname="DESKTOP-A8V00V9" name="com.training.functional.tests.CreatePropertyWithNewFeature" tests="4" failures="0" timestamp="28 Jan 2019 11:34:25 GMT" time="102.095" errors="0">
  <testcase name="setUp" time="36.217" classname="com.training.functional.tests.CreatePropertyWithNewFeature"/>
  <testcase name="validLoginTest" time="13.660" classname="com.training.functional.tests.CreatePropertyWithNewFeature"/>
  <testcase name="addNewFeature" time="15.917" classname="com.training.functional.tests.CreatePropertyWithNewFeature"/>
  <testcase name="CreateNewProperty" time="36.301" classname="com.training.functional.tests.CreatePropertyWithNewFeature"/>
</testsuite> <!-- com.training.functional.tests.CreatePropertyWithNewFeature -->
