<?xml version="1.0" encoding="UTF-8"?>
<!-- Generated by org.testng.reporters.JUnitReportReporter -->
<testsuite skipped="0" hostname="DESKTOP-A8V00V9" name="com.training.functional.tests.TC90_AddNewPropertyWithAllDetails_DataProvider" tests="5" failures="0" timestamp="11 Feb 2019 14:12:36 GMT" time="125.912" errors="0">
  <testcase name="setUp" time="54.404" classname="com.training.functional.tests.TC90_AddNewPropertyWithAllDetails_DataProvider"/>
  <testcase name="validLoginTest" time="12.291" classname="com.training.functional.tests.TC90_AddNewPropertyWithAllDetails_DataProvider"/>
  <testcase name="AddNewPropertyWithAllDetails" time="14.372" classname="com.training.functional.tests.TC90_AddNewPropertyWithAllDetails_DataProvider"/>
  <testcase name="AddNewPropertyWithAllDetails" time="28.479" classname="com.training.functional.tests.TC90_AddNewPropertyWithAllDetails_DataProvider"/>
  <testcase name="AddNewPropertyWithAllDetails" time="16.366" classname="com.training.functional.tests.TC90_AddNewPropertyWithAllDetails_DataProvider"/>
</testsuite> <!-- com.training.functional.tests.TC90_AddNewPropertyWithAllDetails_DataProvider -->
