<?xml version="1.0" encoding="UTF-8"?>
<!-- Generated by org.testng.reporters.JUnitReportReporter -->
<testsuite skipped="0" hostname="DESKTOP-A8V00V9" name="com.training.functional.tests.AddNewPost" tests="3" failures="0" timestamp="29 Jan 2019 10:08:08 GMT" time="90.009" errors="0">
  <testcase name="setUp" time="31.262" classname="com.training.functional.tests.AddNewPost"/>
  <testcase name="validLoginTest" time="13.082" classname="com.training.functional.tests.AddNewPost"/>
  <testcase name="addNewPost" time="45.665" classname="com.training.functional.tests.AddNewPost"/>
</testsuite> <!-- com.training.functional.tests.AddNewPost -->
