<?xml version="1.0" encoding="UTF-8"?>
<!-- Generated by org.testng.reporters.JUnitReportReporter -->
<testsuite skipped="0" hostname="DESKTOP-A8V00V9" name="com.training.functional.tests.TC89_CreatePropertyWithNewRegion_DataProvider" tests="8" failures="0" timestamp="11 Feb 2019 14:06:45 GMT" time="136.860" errors="0">
  <testcase name="setUp" time="42.613" classname="com.training.functional.tests.TC89_CreatePropertyWithNewRegion_DataProvider"/>
  <testcase name="validLoginTest" time="14.311" classname="com.training.functional.tests.TC89_CreatePropertyWithNewRegion_DataProvider"/>
  <testcase name="addNewRegion" time="6.743" classname="com.training.functional.tests.TC89_CreatePropertyWithNewRegion_DataProvider"/>
  <testcase name="addNewRegion" time="15.455" classname="com.training.functional.tests.TC89_CreatePropertyWithNewRegion_DataProvider"/>
  <testcase name="addNewRegion" time="6.344" classname="com.training.functional.tests.TC89_CreatePropertyWithNewRegion_DataProvider"/>
  <testcase name="CreateNewProperty" time="11.947" classname="com.training.functional.tests.TC89_CreatePropertyWithNewRegion_DataProvider"/>
  <testcase name="CreateNewProperty" time="11.341" classname="com.training.functional.tests.TC89_CreatePropertyWithNewRegion_DataProvider"/>
  <testcase name="CreateNewProperty" time="28.106" classname="com.training.functional.tests.TC89_CreatePropertyWithNewRegion_DataProvider"/>
</testsuite> <!-- com.training.functional.tests.TC89_CreatePropertyWithNewRegion_DataProvider -->
