<?xml version="1.0" encoding="UTF-8"?>
<!-- Generated by org.testng.reporters.JUnitReportReporter -->
<testsuite skipped="0" hostname="DESKTOP-A8V00V9" name="com.training.functional.tests.AddNewFeature" tests="3" failures="0" timestamp="25 Jan 2019 11:30:07 GMT" time="201.450" errors="0">
  <testcase name="setUp" time="173.533" classname="com.training.functional.tests.AddNewFeature"/>
  <testcase name="validLoginTest" time="10.975" classname="com.training.functional.tests.AddNewFeature"/>
  <testcase name="addNewFeature" time="16.942" classname="com.training.functional.tests.AddNewFeature"/>
</testsuite> <!-- com.training.functional.tests.AddNewFeature -->
