<?xml version="1.0" encoding="UTF-8"?>
<!-- Generated by org.testng.reporters.JUnitReportReporter -->
<testsuite skipped="0" hostname="DESKTOP-A8V00V9" name="com.training.functional.tests.TC57_CreatePropertyWithNewFeature" tests="4" failures="0" timestamp="05 Feb 2019 04:58:42 GMT" time="72.294" errors="0">
  <testcase name="setUp" time="32.007" classname="com.training.functional.tests.TC57_CreatePropertyWithNewFeature"/>
  <testcase name="validLoginTest" time="10.472" classname="com.training.functional.tests.TC57_CreatePropertyWithNewFeature"/>
  <testcase name="addNewFeature" time="12.098" classname="com.training.functional.tests.TC57_CreatePropertyWithNewFeature"/>
  <testcase name="CreateNewProperty" time="17.717" classname="com.training.functional.tests.TC57_CreatePropertyWithNewFeature"/>
</testsuite> <!-- com.training.functional.tests.TC57_CreatePropertyWithNewFeature -->
