<?xml version="1.0" encoding="UTF-8"?>
<!-- Generated by org.testng.reporters.JUnitReportReporter -->
<testsuite skipped="0" hostname="DESKTOP-A8V00V9" name="com.training.functional.tests.DeleteRegion" tests="3" failures="0" timestamp="05 Feb 2019 04:55:13 GMT" time="61.816" errors="0">
  <testcase name="setUp" time="33.128" classname="com.training.functional.tests.DeleteRegion"/>
  <testcase name="validLoginTest" time="13.841" classname="com.training.functional.tests.DeleteRegion"/>
  <testcase name="deleteRegion" time="14.847" classname="com.training.functional.tests.DeleteRegion"/>
</testsuite> <!-- com.training.functional.tests.DeleteRegion -->
