<?xml version="1.0" encoding="UTF-8"?>
<!-- Generated by org.testng.reporters.JUnitReportReporter -->
<testsuite skipped="0" hostname="DESKTOP-A8V00V9" name="com.training.functional.tests.TC60_AddNewPropertyWithAllDetails" tests="3" failures="0" timestamp="11 Feb 2019 15:04:48 GMT" time="93.952" errors="0">
  <testcase name="setUp" time="36.944" classname="com.training.functional.tests.TC60_AddNewPropertyWithAllDetails"/>
  <testcase name="validLoginTest" time="16.918" classname="com.training.functional.tests.TC60_AddNewPropertyWithAllDetails"/>
  <testcase name="AddNewPropertyWithAllDetails" time="40.090" classname="com.training.functional.tests.TC60_AddNewPropertyWithAllDetails"/>
</testsuite> <!-- com.training.functional.tests.TC60_AddNewPropertyWithAllDetails -->
