<?xml version="1.0" encoding="UTF-8"?>
<!-- Generated by org.testng.reporters.JUnitReportReporter -->
<testsuite skipped="0" hostname="DESKTOP-A8V00V9" name="com.training.functional.tests.DeleteFeature" tests="3" failures="0" timestamp="25 Jan 2019 11:07:40 GMT" time="247.794" errors="0">
  <testcase name="setUp" time="158.292" classname="com.training.functional.tests.DeleteFeature"/>
  <testcase name="validLoginTest" time="16.663" classname="com.training.functional.tests.DeleteFeature"/>
  <testcase name="deleteFeature" time="72.839" classname="com.training.functional.tests.DeleteFeature"/>
</testsuite> <!-- com.training.functional.tests.DeleteFeature -->
