<?xml version="1.0" encoding="UTF-8"?>
<!-- Generated by org.testng.reporters.JUnitReportReporter -->
<testsuite skipped="0" hostname="DESKTOP-A8V00V9" name="com.training.functional.tests.TC57_CreatePropertyWithNewFeature" tests="4" failures="0" timestamp="12 Feb 2019 08:09:05 GMT" time="166.838" errors="0">
  <testcase name="setUp" time="76.924" classname="com.training.functional.tests.TC57_CreatePropertyWithNewFeature"/>
  <testcase name="validLoginTest" time="16.883" classname="com.training.functional.tests.TC57_CreatePropertyWithNewFeature"/>
  <testcase name="addNewFeature" time="18.417" classname="com.training.functional.tests.TC57_CreatePropertyWithNewFeature"/>
  <testcase name="CreateNewProperty" time="54.614" classname="com.training.functional.tests.TC57_CreatePropertyWithNewFeature"/>
</testsuite> <!-- com.training.functional.tests.TC57_CreatePropertyWithNewFeature -->
