<?xml version="1.0" encoding="UTF-8"?>
<!-- Generated by org.testng.reporters.JUnitReportReporter -->
<testsuite skipped="0" hostname="DESKTOP-A8V00V9" name="com.training.functional.tests.DeleteRegion" tests="3" failures="0" timestamp="25 Jan 2019 11:07:40 GMT" time="190.783" errors="0">
  <testcase name="setUp" time="158.617" classname="com.training.functional.tests.DeleteRegion"/>
  <testcase name="validLoginTest" time="12.848" classname="com.training.functional.tests.DeleteRegion"/>
  <testcase name="deleteRegion" time="19.318" classname="com.training.functional.tests.DeleteRegion"/>
</testsuite> <!-- com.training.functional.tests.DeleteRegion -->
