<?xml version="1.0" encoding="UTF-8"?>
<!-- Generated by org.testng.reporters.JUnitReportReporter -->
<testsuite skipped="0" hostname="DESKTOP-A8V00V9" name="com.training.functional.tests.TC86_AddNewRegionandCheckInDB" tests="5" failures="0" timestamp="12 Feb 2019 09:19:03 GMT" time="54.837" errors="0">
  <testcase name="setUp" time="35.519" classname="com.training.functional.tests.TC86_AddNewRegionandCheckInDB"/>
  <testcase name="validLoginTest" time="9.144" classname="com.training.functional.tests.TC86_AddNewRegionandCheckInDB"/>
  <testcase name="addNewRegion" time="10.168" classname="com.training.functional.tests.TC86_AddNewRegionandCheckInDB"/>
  <testcase name="loginToDB" time="0.002" classname="com.training.functional.tests.TC86_AddNewRegionandCheckInDB"/>
  <testcase name="checkRegionInDB" time="0.004" classname="com.training.functional.tests.TC86_AddNewRegionandCheckInDB"/>
</testsuite> <!-- com.training.functional.tests.TC86_AddNewRegionandCheckInDB -->
