<?xml version="1.0" encoding="UTF-8"?>
<!-- Generated by org.testng.reporters.JUnitReportReporter -->
<testsuite skipped="0" hostname="DESKTOP-A8V00V9" name="com.training.functional.tests.MovePropertiesToTrash" tests="3" failures="0" timestamp="05 Feb 2019 04:49:18 GMT" time="54.794" errors="0">
  <testcase name="setUp" time="32.322" classname="com.training.functional.tests.MovePropertiesToTrash"/>
  <testcase name="validLoginTest" time="9.607" classname="com.training.functional.tests.MovePropertiesToTrash"/>
  <testcase name="movePropertiesToTrash" time="12.865" classname="com.training.functional.tests.MovePropertiesToTrash"/>
</testsuite> <!-- com.training.functional.tests.MovePropertiesToTrash -->
