<?xml version="1.0" encoding="UTF-8"?>
<!-- Generated by org.testng.reporters.JUnitReportReporter -->
<testsuite skipped="0" hostname="DESKTOP-A8V00V9" name="com.training.functional.tests.TC60_AddNewPropertyWithAllDetails" tests="3" failures="0" timestamp="05 Feb 2019 05:32:12 GMT" time="69.914" errors="0">
  <testcase name="setUp" time="32.873" classname="com.training.functional.tests.TC60_AddNewPropertyWithAllDetails"/>
  <testcase name="validLoginTest" time="8.765" classname="com.training.functional.tests.TC60_AddNewPropertyWithAllDetails"/>
  <testcase name="AddNewPropertyWithAllDetails" time="28.276" classname="com.training.functional.tests.TC60_AddNewPropertyWithAllDetails"/>
</testsuite> <!-- com.training.functional.tests.TC60_AddNewPropertyWithAllDetails -->
