<?xml version="1.0" encoding="UTF-8"?>
<!-- Generated by org.testng.reporters.JUnitReportReporter -->
<testsuite skipped="0" hostname="DESKTOP-A8V00V9" name="com.training.functional.tests.AddPropertyDetailsToTrash" tests="3" failures="0" timestamp="29 Jan 2019 10:03:29 GMT" time="75.520" errors="0">
  <testcase name="setUp" time="28.168" classname="com.training.functional.tests.AddPropertyDetailsToTrash"/>
  <testcase name="validLoginTest" time="13.994" classname="com.training.functional.tests.AddPropertyDetailsToTrash"/>
  <testcase name="AddPropertyToTrash" time="33.358" classname="com.training.functional.tests.AddPropertyDetailsToTrash"/>
</testsuite> <!-- com.training.functional.tests.AddPropertyDetailsToTrash -->
