<?xml version="1.0" encoding="UTF-8"?>
<!-- Generated by org.testng.reporters.JUnitReportReporter -->
<testsuite skipped="0" hostname="DESKTOP-A8V00V9" name="com.training.functional.tests.TC56_AddNewPost" tests="3" failures="0" timestamp="12 Feb 2019 08:03:29 GMT" time="189.537" errors="0">
  <testcase name="setUp" time="77.352" classname="com.training.functional.tests.TC56_AddNewPost"/>
  <testcase name="validLoginTest" time="64.770" classname="com.training.functional.tests.TC56_AddNewPost"/>
  <testcase name="addNewPost" time="47.415" classname="com.training.functional.tests.TC56_AddNewPost"/>
</testsuite> <!-- com.training.functional.tests.TC56_AddNewPost -->
