<?xml version="1.0" encoding="UTF-8"?>
<!-- Generated by org.testng.reporters.JUnitReportReporter -->
<testsuite skipped="0" hostname="DESKTOP-A8V00V9" name="com.training.functional.tests.TC87_CreatePropertyWithNewFeature_DataProvider" tests="8" failures="0" timestamp="12 Feb 2019 09:22:47 GMT" time="110.471" errors="0">
  <testcase name="setUp" time="29.184" classname="com.training.functional.tests.TC87_CreatePropertyWithNewFeature_DataProvider"/>
  <testcase name="validLoginTest" time="10.145" classname="com.training.functional.tests.TC87_CreatePropertyWithNewFeature_DataProvider"/>
  <testcase name="addNewFeature" time="7.724" classname="com.training.functional.tests.TC87_CreatePropertyWithNewFeature_DataProvider"/>
  <testcase name="addNewFeature" time="7.871" classname="com.training.functional.tests.TC87_CreatePropertyWithNewFeature_DataProvider"/>
  <testcase name="addNewFeature" time="11.343" classname="com.training.functional.tests.TC87_CreatePropertyWithNewFeature_DataProvider"/>
  <testcase name="CreateNewProperty" time="23.078" classname="com.training.functional.tests.TC87_CreatePropertyWithNewFeature_DataProvider"/>
  <testcase name="CreateNewProperty" time="9.403" classname="com.training.functional.tests.TC87_CreatePropertyWithNewFeature_DataProvider"/>
  <testcase name="CreateNewProperty" time="11.723" classname="com.training.functional.tests.TC87_CreatePropertyWithNewFeature_DataProvider"/>
</testsuite> <!-- com.training.functional.tests.TC87_CreatePropertyWithNewFeature_DataProvider -->
