<?xml version="1.0" encoding="UTF-8"?>
<!-- Generated by org.testng.reporters.JUnitReportReporter -->
<testsuite skipped="0" hostname="DESKTOP-A8V00V9" name="com.training.functional.tests.TC88_CreatePropertyWithNewFeature_E2E" tests="5" failures="0" timestamp="12 Feb 2019 09:28:21 GMT" time="223.506" errors="0">
  <testcase name="setUp" time="45.360" classname="com.training.functional.tests.TC88_CreatePropertyWithNewFeature_E2E"/>
  <testcase name="validLoginTest" time="14.790" classname="com.training.functional.tests.TC88_CreatePropertyWithNewFeature_E2E"/>
  <testcase name="addNewFeature" time="11.735" classname="com.training.functional.tests.TC88_CreatePropertyWithNewFeature_E2E"/>
  <testcase name="CreateNewProperty" time="21.436" classname="com.training.functional.tests.TC88_CreatePropertyWithNewFeature_E2E"/>
  <testcase name="SearchPropertyOnHomePage" time="130.185" classname="com.training.functional.tests.TC88_CreatePropertyWithNewFeature_E2E"/>
</testsuite> <!-- com.training.functional.tests.TC88_CreatePropertyWithNewFeature_E2E -->
