<?xml version="1.0" encoding="UTF-8"?>
<!-- Generated by org.testng.reporters.JUnitReportReporter -->
<testsuite skipped="0" hostname="DESKTOP-A8V00V9" name="com.training.functional.tests.TC59_AddPropertyDetailsToTrash" tests="3" failures="0" timestamp="12 Feb 2019 09:16:14 GMT" time="76.747" errors="0">
  <testcase name="setUp" time="40.125" classname="com.training.functional.tests.TC59_AddPropertyDetailsToTrash"/>
  <testcase name="validLoginTest" time="12.761" classname="com.training.functional.tests.TC59_AddPropertyDetailsToTrash"/>
  <testcase name="AddPropertyToTrash" time="23.861" classname="com.training.functional.tests.TC59_AddPropertyDetailsToTrash"/>
</testsuite> <!-- com.training.functional.tests.TC59_AddPropertyDetailsToTrash -->
